app/build/intermediates/manifest_merge_blame_file/release/processReleaseMainManifest/manifest-merger-blame-release-report.txt
1<?xml version="1.0" encoding="utf-8"?>
2<!--
3    Copyright 2019 Google Inc. All Rights Reserved.
4
5     Licensed under the Apache License, Version 2.0 (the "License");
6     you may not use this file except in compliance with the License.
7     You may obtain a copy of the License at
8
9         http://www.apache.org/licenses/LICENSE-2.0
10
11     Unless required by applicable law or agreed to in writing, software
12     distributed under the License is distributed on an "AS IS" BASIS,
13     WITHOUT WARRANTIES OR CONDITIONS OF ANY KIND, either express or implied.
14     See the License for the specific language governing permissions and
15     limitations under the License.
16-->
17<!--
18 The "package" attribute is rewritten by the Gradle build with the value of applicationId.
19     It is still required here, as it is used to derive paths, for instance when referring
20     to an Activity by ".MyActivity" instead of the full name. If more Activities are added to the
21     application, the package attribute will need to reflect the correct path in order to use
22     the abbreviated format.
23-->
24<manifest xmlns:android="http://schemas.android.com/apk/res/android"
25    package="com.guepardodelivery.entregador"
26    android:versionCode="36"
27    android:versionName="Guepardo Entregador V.R" >
28
29    <uses-sdk
30        android:minSdkVersion="21"
31        android:targetSdkVersion="35" />
32
33    <uses-permission android:name="android.permission.POST_NOTIFICATIONS" />
33-->src\main\AndroidManifest.xml:25:5-76
33-->src\main\AndroidManifest.xml:25:22-74
34    <uses-permission android:name="android.permission.INTERNET" />
34-->src\main\AndroidManifest.xml:26:5-66
34-->src\main\AndroidManifest.xml:26:22-64
35    <uses-permission android:name="android.permission.ACCESS_NETWORK_STATE" />
35-->src\main\AndroidManifest.xml:27:5-79
35-->src\main\AndroidManifest.xml:27:22-76
36    <uses-permission android:name="android.permission.SYSTEM_ALERT_WINDOW" />
36-->src\main\AndroidManifest.xml:29:5-77
36-->src\main\AndroidManifest.xml:29:22-75
37    <uses-permission android:name="android.permission.FOREGROUND_SERVICE" />
37-->src\main\AndroidManifest.xml:30:5-76
37-->src\main\AndroidManifest.xml:30:22-74
38    <uses-permission android:name="android.permission.FOREGROUND_SERVICE_DATA_SYNC" />
38-->src\main\AndroidManifest.xml:31:5-86
38-->src\main\AndroidManifest.xml:31:22-84
39    <uses-permission android:name="android.permission.FOREGROUND_SERVICE_SPECIAL_USE" />
39-->src\main\AndroidManifest.xml:32:5-89
39-->src\main\AndroidManifest.xml:32:22-86
40    <uses-permission android:name="android.permission.WAKE_LOCK" />
40-->src\main\AndroidManifest.xml:33:5-68
40-->src\main\AndroidManifest.xml:33:22-65
41    <uses-permission android:name="android.permission.DISABLE_KEYGUARD" />
41-->src\main\AndroidManifest.xml:34:5-75
41-->src\main\AndroidManifest.xml:34:22-72
42
43    <queries>
43-->src\main\AndroidManifest.xml:35:5-47:15
44        <package android:name="com.google.android.apps.maps" />
44-->src\main\AndroidManifest.xml:36:9-64
44-->src\main\AndroidManifest.xml:36:18-61
45        <package android:name="com.waze" />
45-->src\main\AndroidManifest.xml:37:9-44
45-->src\main\AndroidManifest.xml:37:18-41
46        <package android:name="com.whatsapp" />
46-->src\main\AndroidManifest.xml:38:9-48
46-->src\main\AndroidManifest.xml:38:18-45
47
48        <intent>
48-->src\main\AndroidManifest.xml:39:9-42:18
49            <action android:name="android.intent.action.VIEW" />
49-->src\main\AndroidManifest.xml:40:13-65
49-->src\main\AndroidManifest.xml:40:21-62
50
51            <data android:scheme="waze" />
51-->src\main\AndroidManifest.xml:41:13-43
51-->src\main\AndroidManifest.xml:41:19-40
52        </intent>
53        <intent>
53-->src\main\AndroidManifest.xml:43:9-46:18
54            <action android:name="android.intent.action.VIEW" />
54-->src\main\AndroidManifest.xml:40:13-65
54-->src\main\AndroidManifest.xml:40:21-62
55
56            <data android:scheme="geo" />
56-->src\main\AndroidManifest.xml:41:13-43
56-->src\main\AndroidManifest.xml:41:19-40
57        </intent>
58        <intent>
58-->[com.google.androidbrowserhelper:androidbrowserhelper:2.6.2] AndroidManifest.xml:23:9-29:18
59            <action android:name="android.intent.action.VIEW" />
59-->src\main\AndroidManifest.xml:40:13-65
59-->src\main\AndroidManifest.xml:40:21-62
60
61            <category android:name="android.intent.category.BROWSABLE" />
61-->src\main\AndroidManifest.xml:107:17-77
61-->src\main\AndroidManifest.xml:107:27-75
62
63            <data android:scheme="https" />
63-->src\main\AndroidManifest.xml:41:13-43
63-->src\main\AndroidManifest.xml:41:19-40
64        </intent>
65    </queries>
66
67    <uses-permission android:name="android.permission.ACCESS_FINE_LOCATION" />
67-->[com.google.androidbrowserhelper:locationdelegation:1.1.2] AndroidManifest.xml:7:5-79
67-->[com.google.androidbrowserhelper:locationdelegation:1.1.2] AndroidManifest.xml:7:22-76
68    <uses-permission android:name="android.permission.ACCESS_COARSE_LOCATION" />
68-->[com.google.androidbrowserhelper:locationdelegation:1.1.2] AndroidManifest.xml:8:5-81
68-->[com.google.androidbrowserhelper:locationdelegation:1.1.2] AndroidManifest.xml:8:22-78
69
70    <permission
70-->[androidx.core:core:1.13.0] AndroidManifest.xml:22:5-24:47
71        android:name="com.guepardodelivery.entregador.DYNAMIC_RECEIVER_NOT_EXPORTED_PERMISSION"
71-->[androidx.core:core:1.13.0] AndroidManifest.xml:23:9-81
72        android:protectionLevel="signature" />
72-->[androidx.core:core:1.13.0] AndroidManifest.xml:24:9-44
73
74    <uses-permission android:name="com.guepardodelivery.entregador.DYNAMIC_RECEIVER_NOT_EXPORTED_PERMISSION" />
74-->[androidx.core:core:1.13.0] AndroidManifest.xml:26:5-97
74-->[androidx.core:core:1.13.0] AndroidManifest.xml:26:22-94
75
76    <application
76-->src\main\AndroidManifest.xml:49:5-177:19
77        android:name="com.guepardodelivery.entregador.Application"
77-->src\main\AndroidManifest.xml:50:9-35
78        android:allowBackup="true"
78-->src\main\AndroidManifest.xml:51:9-35
79        android:appComponentFactory="androidx.core.app.CoreComponentFactory"
79-->[androidx.core:core:1.13.0] AndroidManifest.xml:28:18-86
80        android:extractNativeLibs="true"
81        android:icon="@mipmap/ic_launcher"
81-->src\main\AndroidManifest.xml:52:9-43
82        android:label="@string/appName"
82-->src\main\AndroidManifest.xml:53:9-40
83        android:supportsRtl="true"
83-->src\main\AndroidManifest.xml:55:9-35
84        android:theme="@android:style/Theme.Translucent.NoTitleBar" >
84-->src\main\AndroidManifest.xml:56:9-68
85        <meta-data
85-->src\main\AndroidManifest.xml:58:9-60:58
86            android:name="asset_statements"
86-->src\main\AndroidManifest.xml:59:13-44
87            android:resource="@string/assetStatements" />
87-->src\main\AndroidManifest.xml:60:13-55
88        <meta-data
88-->src\main\AndroidManifest.xml:63:13-65:58
89            android:name="web_manifest_url"
89-->src\main\AndroidManifest.xml:64:17-48
90            android:value="@string/webManifestUrl" />
90-->src\main\AndroidManifest.xml:65:17-55
91        <meta-data
91-->src\main\AndroidManifest.xml:68:9-70:52
92            android:name="twa_generator"
92-->src\main\AndroidManifest.xml:69:13-41
93            android:value="@string/generatorApp" />
93-->src\main\AndroidManifest.xml:70:13-49
94
95        <activity
95-->src\main\AndroidManifest.xml:77:13-88:24
96            android:name="com.google.androidbrowserhelper.trusted.ManageDataLauncherActivity"
96-->src\main\AndroidManifest.xml:77:23-104
97            android:enabled="true"
97-->src\main\AndroidManifest.xml:79:17-39
98            android:excludeFromRecents="true"
98-->src\main\AndroidManifest.xml:80:17-50
99            android:exported="false" >
99-->src\main\AndroidManifest.xml:78:17-41
100            <meta-data
100-->src\main\AndroidManifest.xml:81:17-83:57
101                android:name="android.support.customtabs.trusted.MANAGE_SPACE_URL"
101-->src\main\AndroidManifest.xml:82:21-87
102                android:value="@string/launchUrl" />
102-->src\main\AndroidManifest.xml:83:21-54
103
104            <intent-filter>
104-->src\main\AndroidManifest.xml:84:17-87:33
105                <action android:name="android.intent.action.APPLICATION_PREFERENCES" />
105-->src\main\AndroidManifest.xml:85:21-92
105-->src\main\AndroidManifest.xml:85:29-89
106
107                <category android:name="android.intent.category.DEFAULT" />
107-->src\main\AndroidManifest.xml:86:21-80
107-->src\main\AndroidManifest.xml:86:31-77
108            </intent-filter>
109        </activity>
110        <activity
110-->src\main\AndroidManifest.xml:91:9-112:20
111            android:name="com.guepardodelivery.entregador.MainActivity"
111-->src\main\AndroidManifest.xml:91:19-47
112            android:alwaysRetainTaskState="true"
112-->src\main\AndroidManifest.xml:92:13-49
113            android:configChanges="orientation|keyboardHidden|screenSize"
113-->src\main\AndroidManifest.xml:97:13-74
114            android:exported="true"
114-->src\main\AndroidManifest.xml:98:13-36
115            android:label="@string/launcherName"
115-->src\main\AndroidManifest.xml:96:13-49
116            android:launchMode="singleTop"
116-->src\main\AndroidManifest.xml:93:13-43
117            android:showWhenLocked="true"
117-->src\main\AndroidManifest.xml:94:13-42
118            android:turnScreenOn="true" >
118-->src\main\AndroidManifest.xml:95:13-40
119            <intent-filter>
119-->src\main\AndroidManifest.xml:99:13-102:29
120                <action android:name="android.intent.action.MAIN" />
120-->src\main\AndroidManifest.xml:100:17-69
120-->src\main\AndroidManifest.xml:100:25-66
121
122                <category android:name="android.intent.category.LAUNCHER" />
122-->src\main\AndroidManifest.xml:101:17-77
122-->src\main\AndroidManifest.xml:101:27-74
123            </intent-filter>
124            <intent-filter android:autoVerify="true" >
124-->src\main\AndroidManifest.xml:104:13-111:29
124-->src\main\AndroidManifest.xml:104:28-53
125                <action android:name="android.intent.action.VIEW" />
125-->src\main\AndroidManifest.xml:40:13-65
125-->src\main\AndroidManifest.xml:40:21-62
126
127                <category android:name="android.intent.category.DEFAULT" />
127-->src\main\AndroidManifest.xml:86:21-80
127-->src\main\AndroidManifest.xml:86:31-77
128                <category android:name="android.intent.category.BROWSABLE" />
128-->src\main\AndroidManifest.xml:107:17-77
128-->src\main\AndroidManifest.xml:107:27-75
129
130                <data
130-->src\main\AndroidManifest.xml:41:13-43
131                    android:host="@string/hostName"
131-->src\main\AndroidManifest.xml:109:21-52
132                    android:scheme="https" />
132-->src\main\AndroidManifest.xml:41:19-40
133            </intent-filter>
134        </activity>
135        <activity android:name="com.google.androidbrowserhelper.trusted.FocusActivity" />
135-->src\main\AndroidManifest.xml:114:9-90
135-->src\main\AndroidManifest.xml:114:19-87
136        <activity
136-->src\main\AndroidManifest.xml:116:9-117:62
137            android:name="com.google.androidbrowserhelper.trusted.WebViewFallbackActivity"
137-->src\main\AndroidManifest.xml:116:19-97
138            android:configChanges="orientation|screenSize" />
138-->src\main\AndroidManifest.xml:117:13-59
139
140        <provider
140-->src\main\AndroidManifest.xml:119:9-127:20
141            android:name="androidx.core.content.FileProvider"
141-->src\main\AndroidManifest.xml:120:13-62
142            android:authorities="@string/providerAuthority"
142-->src\main\AndroidManifest.xml:121:13-60
143            android:exported="false"
143-->src\main\AndroidManifest.xml:123:13-37
144            android:grantUriPermissions="true" >
144-->src\main\AndroidManifest.xml:122:13-47
145            <meta-data
145-->src\main\AndroidManifest.xml:124:13-126:53
146                android:name="android.support.FILE_PROVIDER_PATHS"
146-->src\main\AndroidManifest.xml:125:17-67
147                android:resource="@xml/filepaths" />
147-->src\main\AndroidManifest.xml:126:17-50
148        </provider>
149
150        <service
150-->src\main\AndroidManifest.xml:129:9-144:19
151            android:name="com.guepardodelivery.entregador.DelegationService"
151-->src\main\AndroidManifest.xml:130:13-46
152            android:enabled="@bool/enableNotification"
152-->src\main\AndroidManifest.xml:131:13-55
153            android:exported="@bool/enableNotification" >
153-->src\main\AndroidManifest.xml:132:13-56
154            <meta-data
154-->src\main\AndroidManifest.xml:135:17-137:73
155                android:name="android.support.customtabs.trusted.SMALL_ICON"
155-->src\main\AndroidManifest.xml:136:21-81
156                android:resource="@drawable/ic_notification_icon" />
156-->src\main\AndroidManifest.xml:137:21-70
157
158            <intent-filter>
158-->src\main\AndroidManifest.xml:140:13-143:29
159                <action android:name="android.support.customtabs.trusted.TRUSTED_WEB_ACTIVITY_SERVICE" />
159-->src\main\AndroidManifest.xml:141:17-105
159-->src\main\AndroidManifest.xml:141:25-103
160
161                <category android:name="android.intent.category.DEFAULT" />
161-->src\main\AndroidManifest.xml:86:21-80
161-->src\main\AndroidManifest.xml:86:31-77
162            </intent-filter>
163        </service>
164
165        <activity android:name="com.google.androidbrowserhelper.trusted.NotificationPermissionRequestActivity" />
165-->src\main\AndroidManifest.xml:147:13-118
165-->src\main\AndroidManifest.xml:147:23-115
166        <activity android:name="com.google.androidbrowserhelper.locationdelegation.PermissionRequestActivity" />
166-->src\main\AndroidManifest.xml:151:13-152:89
166-->src\main\AndroidManifest.xml:151:23-123
167
168        <!-- Floating Bubble Service -->
169        <activity
169-->src\main\AndroidManifest.xml:156:9-166:20
170            android:name="com.guepardodelivery.entregador.SetDriverActivity"
170-->src\main\AndroidManifest.xml:157:13-46
171            android:exported="true"
171-->src\main\AndroidManifest.xml:159:13-36
172            android:theme="@android:style/Theme.Translucent.NoTitleBar" >
172-->src\main\AndroidManifest.xml:158:13-72
173            <intent-filter>
173-->src\main\AndroidManifest.xml:160:13-165:29
174                <action android:name="android.intent.action.VIEW" />
174-->src\main\AndroidManifest.xml:40:13-65
174-->src\main\AndroidManifest.xml:40:21-62
175
176                <category android:name="android.intent.category.DEFAULT" />
176-->src\main\AndroidManifest.xml:86:21-80
176-->src\main\AndroidManifest.xml:86:31-77
177                <category android:name="android.intent.category.BROWSABLE" />
177-->src\main\AndroidManifest.xml:107:17-77
177-->src\main\AndroidManifest.xml:107:27-75
178
179                <data
179-->src\main\AndroidManifest.xml:41:13-43
180                    android:host="set-driver"
180-->src\main\AndroidManifest.xml:109:21-52
181                    android:scheme="guepardo" />
181-->src\main\AndroidManifest.xml:41:19-40
182            </intent-filter>
183        </activity>
184
185        <service
185-->src\main\AndroidManifest.xml:168:9-172:74
186            android:name="com.guepardodelivery.entregador.FloatingBubbleService"
186-->src\main\AndroidManifest.xml:169:13-50
187            android:exported="false"
187-->src\main\AndroidManifest.xml:170:13-37
188            android:foregroundServiceType="dataSync"
188-->src\main\AndroidManifest.xml:171:13-53
189            android:permission="android.permission.FOREGROUND_SERVICE" />
189-->src\main\AndroidManifest.xml:172:13-71
190
191        <activity
191-->[com.google.android.gms:play-services-base:18.1.0] AndroidManifest.xml:20:9-22:45
192            android:name="com.google.android.gms.common.api.GoogleApiActivity"
192-->[com.google.android.gms:play-services-base:18.1.0] AndroidManifest.xml:20:19-85
193            android:exported="false"
193-->[com.google.android.gms:play-services-base:18.1.0] AndroidManifest.xml:22:19-43
194            android:theme="@android:style/Theme.Translucent.NoTitleBar" />
194-->[com.google.android.gms:play-services-base:18.1.0] AndroidManifest.xml:21:19-78
195
196        <meta-data
196-->[com.google.android.gms:play-services-basement:18.1.0] AndroidManifest.xml:21:9-23:69
197            android:name="com.google.android.gms.version"
197-->[com.google.android.gms:play-services-basement:18.1.0] AndroidManifest.xml:22:13-58
198            android:value="@integer/google_play_services_version" />
198-->[com.google.android.gms:play-services-basement:18.1.0] AndroidManifest.xml:23:13-66
199
200        <provider
200-->[androidx.emoji2:emoji2:1.3.0] AndroidManifest.xml:24:9-32:20
201            android:name="androidx.startup.InitializationProvider"
201-->[androidx.emoji2:emoji2:1.3.0] AndroidManifest.xml:25:13-67
202            android:authorities="com.guepardodelivery.entregador.androidx-startup"
202-->[androidx.emoji2:emoji2:1.3.0] AndroidManifest.xml:26:13-68
203            android:exported="false" >
203-->[androidx.emoji2:emoji2:1.3.0] AndroidManifest.xml:27:13-37
204            <meta-data
204-->[androidx.emoji2:emoji2:1.3.0] AndroidManifest.xml:29:13-31:52
205                android:name="androidx.emoji2.text.EmojiCompatInitializer"
205-->[androidx.emoji2:emoji2:1.3.0] AndroidManifest.xml:30:17-75
206                android:value="androidx.startup" />
206-->[androidx.emoji2:emoji2:1.3.0] AndroidManifest.xml:31:17-49
207            <meta-data
207-->[androidx.lifecycle:lifecycle-process:2.6.2] AndroidManifest.xml:29:13-31:52
208                android:name="androidx.lifecycle.ProcessLifecycleInitializer"
208-->[androidx.lifecycle:lifecycle-process:2.6.2] AndroidManifest.xml:30:17-78
209                android:value="androidx.startup" />
209-->[androidx.lifecycle:lifecycle-process:2.6.2] AndroidManifest.xml:31:17-49
210            <meta-data
210-->[androidx.profileinstaller:profileinstaller:1.3.1] AndroidManifest.xml:29:13-31:52
211                android:name="androidx.profileinstaller.ProfileInstallerInitializer"
211-->[androidx.profileinstaller:profileinstaller:1.3.1] AndroidManifest.xml:30:17-85
212                android:value="androidx.startup" />
212-->[androidx.profileinstaller:profileinstaller:1.3.1] AndroidManifest.xml:31:17-49
213        </provider>
214
215        <receiver
215-->[androidx.profileinstaller:profileinstaller:1.3.1] AndroidManifest.xml:34:9-52:20
216            android:name="androidx.profileinstaller.ProfileInstallReceiver"
216-->[androidx.profileinstaller:profileinstaller:1.3.1] AndroidManifest.xml:35:13-76
217            android:directBootAware="false"
217-->[androidx.profileinstaller:profileinstaller:1.3.1] AndroidManifest.xml:36:13-44
218            android:enabled="true"
218-->[androidx.profileinstaller:profileinstaller:1.3.1] AndroidManifest.xml:37:13-35
219            android:exported="true"
219-->[androidx.profileinstaller:profileinstaller:1.3.1] AndroidManifest.xml:38:13-36
220            android:permission="android.permission.DUMP" >
220-->[androidx.profileinstaller:profileinstaller:1.3.1] AndroidManifest.xml:39:13-57
221            <intent-filter>
221-->[androidx.profileinstaller:profileinstaller:1.3.1] AndroidManifest.xml:40:13-42:29
222                <action android:name="androidx.profileinstaller.action.INSTALL_PROFILE" />
222-->[androidx.profileinstaller:profileinstaller:1.3.1] AndroidManifest.xml:41:17-91
222-->[androidx.profileinstaller:profileinstaller:1.3.1] AndroidManifest.xml:41:25-88
223            </intent-filter>
224            <intent-filter>
224-->[androidx.profileinstaller:profileinstaller:1.3.1] AndroidManifest.xml:43:13-45:29
225                <action android:name="androidx.profileinstaller.action.SKIP_FILE" />
225-->[androidx.profileinstaller:profileinstaller:1.3.1] AndroidManifest.xml:44:17-85
225-->[androidx.profileinstaller:profileinstaller:1.3.1] AndroidManifest.xml:44:25-82
226            </intent-filter>
227            <intent-filter>
227-->[androidx.profileinstaller:profileinstaller:1.3.1] AndroidManifest.xml:46:13-48:29
228                <action android:name="androidx.profileinstaller.action.SAVE_PROFILE" />
228-->[androidx.profileinstaller:profileinstaller:1.3.1] AndroidManifest.xml:47:17-88
228-->[androidx.profileinstaller:profileinstaller:1.3.1] AndroidManifest.xml:47:25-85
229            </intent-filter>
230            <intent-filter>
230-->[androidx.profileinstaller:profileinstaller:1.3.1] AndroidManifest.xml:49:13-51:29
231                <action android:name="androidx.profileinstaller.action.BENCHMARK_OPERATION" />
231-->[androidx.profileinstaller:profileinstaller:1.3.1] AndroidManifest.xml:50:17-95
231-->[androidx.profileinstaller:profileinstaller:1.3.1] AndroidManifest.xml:50:25-92
232            </intent-filter>
233        </receiver>
234    </application>
235
236</manifest>